========================================================================================
Report      : INFO
Date        : Tue Jul 21 00:20:33 CEST 2015
Description : ---------------------------------------------------------------
              -- The service is using the following configuration settings --
              ---------------------------------------------------------------
              Domain (id)          : ospl_sp_ddsi (0)
              Storage              : 10240 Kbytes
              Storage threshold    : 1024 Kbytes
              Storage address      : Not available
              Locking              : default
              Memory mode          : Heap memory
              Builtin topics       : true
              Priority inheritance : false
Node        : vega
Process     : sr <820>
Thread      : spliced 10729b000
Internals   : V6.5.0///The OpenSplice domain service/u_domain.c/566/0/1437430833.953711000
========================================================================================
Report      : INFO
Date        : Tue Jul 21 00:20:33 CEST 2015
Description : Service 'splicedaemon': Locking disabled
Node        : vega
Process     : sr <820>
Thread      : spliced 10729b000
Internals   : V6.5.0///u_serviceInit/u_service.c/416/256/1437430833.954906000
========================================================================================
Report      : INFO
Date        : Tue Jul 21 00:20:33 CEST 2015
Description : ++++++++++++++++++++++++++++++++++++++++++++++++
              ++ The service 'splicedaemon' is now operational. 
              ++++++++++++++++++++++++++++++++++++++++++++++++
Node        : vega
Process     : sr <820>
Thread      : spliced 10729b000
Internals   : V6.5.0///v_serviceChangeState/v_service.c/277/0/1437430833.955798000
========================================================================================
Report      : INFO
Date        : Tue Jul 21 00:20:33 CEST 2015
Description : Service 'cmsoap': Locking disabled
Node        : vega
Process     : sr <820>
Thread      : cmsoap 107807000
Internals   : V6.5.0///u_serviceInit/u_service.c/416/256/1437430833.962907000
========================================================================================
Report      : INFO
Date        : Tue Jul 21 00:20:33 CEST 2015
Description : SOAP service is reachable via port 49333
Node        : vega
Process     : sr <820>
Thread      : cmsoap 107807000
Internals   : V6.5.0///CM SOAP Service/cms_service.c/469/0/1437430833.964624000
========================================================================================
Report      : INFO
Date        : Tue Jul 21 00:20:33 CEST 2015
Description : ++++++++++++++++++++++++++++++++++++++++++++++++
              ++ The service 'cmsoap' is now operational. 
              ++++++++++++++++++++++++++++++++++++++++++++++++
Node        : vega
Process     : sr <820>
Thread      : cmsoap 107807000
Internals   : V6.5.0///v_serviceChangeState/v_service.c/277/0/1437430833.964816000
========================================================================================
Report      : INFO
Date        : Tue Jul 21 00:20:33 CEST 2015
Description : Service 'durability': Locking disabled
Node        : vega
Process     : sr <820>
Thread      : durability 107c49000
Internals   : V6.5.0///u_serviceInit/u_service.c/416/256/1437430833.965953000
========================================================================================
Report      : INFO
Date        : Tue Jul 21 00:20:33 CEST 2015
Description : Service 'ddsi2': Locking disabled
Node        : vega
Process     : sr <820>
Thread      : ddsi2 107ee4000
Internals   : V6.5.0///u_serviceInit/u_service.c/416/256/1437430833.968162000
========================================================================================
Report      : WARNING
Date        : Tue Jul 21 00:20:33 CEST 2015
Description : TimeToWaitForAligner currently only supports 0.0 and 1.0 (infinite), using 1.0 for now
Node        : vega
Process     : sr <820>
Thread      : durability 107c49000
Internals   : V6.5.0///DurabilityService/d_configuration.c/1901/0/1437430833.975315000
========================================================================================
Report      : INFO
Date        : Tue Jul 21 00:20:33 CEST 2015
Description : ++++++++++++++++++++++++++++++++++++++++++++++++
              ++ The service 'ddsi2' is now operational. 
              ++++++++++++++++++++++++++++++++++++++++++++++++
Node        : vega
Process     : sr <820>
Thread      : ddsi2 107ee4000
Internals   : V6.5.0///v_serviceChangeState/v_service.c/277/0/1437430833.989391000
========================================================================================
Report      : INFO
Date        : Tue Jul 21 00:20:34 CEST 2015
Description : The durability service can by identified by ID: 2024158705
Node        : vega
Process     : sr <820>
Thread      : durability 107c49000
Internals   : V6.5.0///DurabilityService/d_durability.c/600/0/1437430834.099174000
========================================================================================
Report      : INFO
Date        : Tue Jul 21 00:20:36 CEST 2015
Description : ++++++++++++++++++++++++++++++++++++++++++++++++
              ++ The service 'durability' is now operational. 
              ++++++++++++++++++++++++++++++++++++++++++++++++
Node        : vega
Process     : sr <820>
Thread      : durability 107c49000
Internals   : V6.5.0///v_serviceChangeState/v_service.c/277/0/1437430836.128690000
========================================================================================
Report      : INFO
Date        : Tue Jul 21 00:20:43 CEST 2015
Description : ---------------------------------------------------------------
              -- The service is using the following configuration settings --
              ---------------------------------------------------------------
              Domain (id)          : ospl_sp_ddsi (0)
              Storage              : 10240 Kbytes
              Storage threshold    : 1024 Kbytes
              Storage address      : Not available
              Locking              : default
              Memory mode          : Heap memory
              Builtin topics       : true
              Priority inheritance : false
Node        : vega
Process     : sv <827>
Thread      : spliced 10598f000
Internals   : V6.5.0///The OpenSplice domain service/u_domain.c/566/0/1437430843.196561000
========================================================================================
Report      : INFO
Date        : Tue Jul 21 00:20:43 CEST 2015
Description : Service 'splicedaemon': Locking disabled
Node        : vega
Process     : sv <827>
Thread      : spliced 10598f000
Internals   : V6.5.0///u_serviceInit/u_service.c/416/256/1437430843.197936000
========================================================================================
Report      : INFO
Date        : Tue Jul 21 00:20:43 CEST 2015
Description : ++++++++++++++++++++++++++++++++++++++++++++++++
              ++ The service 'splicedaemon' is now operational. 
              ++++++++++++++++++++++++++++++++++++++++++++++++
Node        : vega
Process     : sv <827>
Thread      : spliced 10598f000
Internals   : V6.5.0///v_serviceChangeState/v_service.c/277/0/1437430843.198594000
========================================================================================
Report      : INFO
Date        : Tue Jul 21 00:20:43 CEST 2015
Description : Service 'cmsoap': Locking disabled
Node        : vega
Process     : sv <827>
Thread      : cmsoap 105efb000
Internals   : V6.5.0///u_serviceInit/u_service.c/416/256/1437430843.200417000
========================================================================================
Report      : INFO
Date        : Tue Jul 21 00:20:43 CEST 2015
Description : SOAP service is reachable via port 49335
Node        : vega
Process     : sv <827>
Thread      : cmsoap 105efb000
Internals   : V6.5.0///CM SOAP Service/cms_service.c/469/0/1437430843.201487000
========================================================================================
Report      : INFO
Date        : Tue Jul 21 00:20:43 CEST 2015
Description : Service 'durability': Locking disabled
Node        : vega
Process     : sv <827>
Thread      : durability 1062d2000
Internals   : V6.5.0///u_serviceInit/u_service.c/416/256/1437430843.201703000
========================================================================================
Report      : INFO
Date        : Tue Jul 21 00:20:43 CEST 2015
Description : ++++++++++++++++++++++++++++++++++++++++++++++++
              ++ The service 'cmsoap' is now operational. 
              ++++++++++++++++++++++++++++++++++++++++++++++++
Node        : vega
Process     : sv <827>
Thread      : cmsoap 105efb000
Internals   : V6.5.0///v_serviceChangeState/v_service.c/277/0/1437430843.201714000
========================================================================================
Report      : INFO
Date        : Tue Jul 21 00:20:43 CEST 2015
Description : Service 'ddsi2': Locking disabled
Node        : vega
Process     : sv <827>
Thread      : ddsi2 106461000
Internals   : V6.5.0///u_serviceInit/u_service.c/416/256/1437430843.202455000
========================================================================================
Report      : WARNING
Date        : Tue Jul 21 00:20:43 CEST 2015
Description : TimeToWaitForAligner currently only supports 0.0 and 1.0 (infinite), using 1.0 for now
Node        : vega
Process     : sv <827>
Thread      : durability 1062d2000
Internals   : V6.5.0///DurabilityService/d_configuration.c/1901/0/1437430843.213192000
========================================================================================
Report      : INFO
Date        : Tue Jul 21 00:20:43 CEST 2015
Description : ++++++++++++++++++++++++++++++++++++++++++++++++
              ++ The service 'ddsi2' is now operational. 
              ++++++++++++++++++++++++++++++++++++++++++++++++
Node        : vega
Process     : sv <827>
Thread      : ddsi2 106461000
Internals   : V6.5.0///v_serviceChangeState/v_service.c/277/0/1437430843.220400000
========================================================================================
Report      : INFO
Date        : Tue Jul 21 00:20:43 CEST 2015
Description : The durability service can by identified by ID: 2115932225
Node        : vega
Process     : sv <827>
Thread      : durability 1062d2000
Internals   : V6.5.0///DurabilityService/d_durability.c/600/0/1437430843.326052000
========================================================================================
Report      : INFO
Date        : Tue Jul 21 00:20:45 CEST 2015
Description : ++++++++++++++++++++++++++++++++++++++++++++++++
              ++ The service 'durability' is now operational. 
              ++++++++++++++++++++++++++++++++++++++++++++++++
Node        : vega
Process     : sv <827>
Thread      : durability 1062d2000
Internals   : V6.5.0///v_serviceChangeState/v_service.c/277/0/1437430845.843846000
========================================================================================
Report      : INFO
Date        : Tue Jul 21 00:20:50 CEST 2015
Description : ---------------------------------------------------------------
              -- The service is using the following configuration settings --
              ---------------------------------------------------------------
              Domain (id)          : ospl_sp_ddsi (0)
              Storage              : 10240 Kbytes
              Storage threshold    : 1024 Kbytes
              Storage address      : Not available
              Locking              : default
              Memory mode          : Heap memory
              Builtin topics       : true
              Priority inheritance : false
Node        : vega
Process     : sw <833>
Thread      : spliced 109d63000
Internals   : V6.5.0///The OpenSplice domain service/u_domain.c/566/0/1437430850.058520000
========================================================================================
Report      : INFO
Date        : Tue Jul 21 00:20:50 CEST 2015
Description : Service 'splicedaemon': Locking disabled
Node        : vega
Process     : sw <833>
Thread      : spliced 109d63000
Internals   : V6.5.0///u_serviceInit/u_service.c/416/256/1437430850.059601000
========================================================================================
Report      : INFO
Date        : Tue Jul 21 00:20:50 CEST 2015
Description : ++++++++++++++++++++++++++++++++++++++++++++++++
              ++ The service 'splicedaemon' is now operational. 
              ++++++++++++++++++++++++++++++++++++++++++++++++
Node        : vega
Process     : sw <833>
Thread      : spliced 109d63000
Internals   : V6.5.0///v_serviceChangeState/v_service.c/277/0/1437430850.060231000
========================================================================================
Report      : INFO
Date        : Tue Jul 21 00:20:50 CEST 2015
Description : Service 'cmsoap': Locking disabled
Node        : vega
Process     : sw <833>
Thread      : cmsoap 10a2cf000
Internals   : V6.5.0///u_serviceInit/u_service.c/416/256/1437430850.062145000
========================================================================================
Report      : INFO
Date        : Tue Jul 21 00:20:50 CEST 2015
Description : SOAP service is reachable via port 49336
Node        : vega
Process     : sw <833>
Thread      : cmsoap 10a2cf000
Internals   : V6.5.0///CM SOAP Service/cms_service.c/469/0/1437430850.063134000
========================================================================================
Report      : INFO
Date        : Tue Jul 21 00:20:50 CEST 2015
Description : Service 'durability': Locking disabled
Node        : vega
Process     : sw <833>
Thread      : durability 10a6a6000
Internals   : V6.5.0///u_serviceInit/u_service.c/416/256/1437430850.063139000
========================================================================================
Report      : INFO
Date        : Tue Jul 21 00:20:50 CEST 2015
Description : ++++++++++++++++++++++++++++++++++++++++++++++++
              ++ The service 'cmsoap' is now operational. 
              ++++++++++++++++++++++++++++++++++++++++++++++++
Node        : vega
Process     : sw <833>
Thread      : cmsoap 10a2cf000
Internals   : V6.5.0///v_serviceChangeState/v_service.c/277/0/1437430850.063332000
========================================================================================
Report      : INFO
Date        : Tue Jul 21 00:20:50 CEST 2015
Description : Service 'ddsi2': Locking disabled
Node        : vega
Process     : sw <833>
Thread      : ddsi2 10a835000
Internals   : V6.5.0///u_serviceInit/u_service.c/416/256/1437430850.063847000
========================================================================================
Report      : WARNING
Date        : Tue Jul 21 00:20:50 CEST 2015
Description : TimeToWaitForAligner currently only supports 0.0 and 1.0 (infinite), using 1.0 for now
Node        : vega
Process     : sw <833>
Thread      : durability 10a6a6000
Internals   : V6.5.0///DurabilityService/d_configuration.c/1901/0/1437430850.072589000
========================================================================================
Report      : INFO
Date        : Tue Jul 21 00:20:50 CEST 2015
Description : ++++++++++++++++++++++++++++++++++++++++++++++++
              ++ The service 'ddsi2' is now operational. 
              ++++++++++++++++++++++++++++++++++++++++++++++++
Node        : vega
Process     : sw <833>
Thread      : ddsi2 10a835000
Internals   : V6.5.0///v_serviceChangeState/v_service.c/277/0/1437430850.081704000
========================================================================================
Report      : INFO
Date        : Tue Jul 21 00:20:50 CEST 2015
Description : The durability service can by identified by ID: 2142277005
Node        : vega
Process     : sw <833>
Thread      : durability 10a6a6000
Internals   : V6.5.0///DurabilityService/d_durability.c/600/0/1437430850.186451000
========================================================================================
Report      : INFO
Date        : Tue Jul 21 00:20:52 CEST 2015
Description : ++++++++++++++++++++++++++++++++++++++++++++++++
              ++ The service 'durability' is now operational. 
              ++++++++++++++++++++++++++++++++++++++++++++++++
Node        : vega
Process     : sw <833>
Thread      : durability 10a6a6000
Internals   : V6.5.0///v_serviceChangeState/v_service.c/277/0/1437430852.701285000
========================================================================================
Report      : INFO
Date        : Tue Jul 21 00:21:06 CEST 2015
Description : ---------------------------------------------------------------
              -- The service is using the following configuration settings --
              ---------------------------------------------------------------
              Domain (id)          : ospl_sp_ddsi (0)
              Storage              : 10240 Kbytes
              Storage threshold    : 1024 Kbytes
              Storage address      : Not available
              Locking              : default
              Memory mode          : Heap memory
              Builtin topics       : true
              Priority inheritance : false
Node        : vega
Process     : sw <838>
Thread      : spliced 109713000
Internals   : V6.5.0///The OpenSplice domain service/u_domain.c/566/0/1437430866.342336000
========================================================================================
Report      : INFO
Date        : Tue Jul 21 00:21:06 CEST 2015
Description : Service 'splicedaemon': Locking disabled
Node        : vega
Process     : sw <838>
Thread      : spliced 109713000
Internals   : V6.5.0///u_serviceInit/u_service.c/416/256/1437430866.343397000
========================================================================================
Report      : INFO
Date        : Tue Jul 21 00:21:06 CEST 2015
Description : ++++++++++++++++++++++++++++++++++++++++++++++++
              ++ The service 'splicedaemon' is now operational. 
              ++++++++++++++++++++++++++++++++++++++++++++++++
Node        : vega
Process     : sw <838>
Thread      : spliced 109713000
Internals   : V6.5.0///v_serviceChangeState/v_service.c/277/0/1437430866.343778000
========================================================================================
Report      : INFO
Date        : Tue Jul 21 00:21:06 CEST 2015
Description : Service 'cmsoap': Locking disabled
Node        : vega
Process     : sw <838>
Thread      : cmsoap 109c7f000
Internals   : V6.5.0///u_serviceInit/u_service.c/416/256/1437430866.344869000
========================================================================================
Report      : INFO
Date        : Tue Jul 21 00:21:06 CEST 2015
Description : SOAP service is reachable via port 49337
Node        : vega
Process     : sw <838>
Thread      : cmsoap 109c7f000
Internals   : V6.5.0///CM SOAP Service/cms_service.c/469/0/1437430866.345369000
========================================================================================
Report      : INFO
Date        : Tue Jul 21 00:21:06 CEST 2015
Description : ++++++++++++++++++++++++++++++++++++++++++++++++
              ++ The service 'cmsoap' is now operational. 
              ++++++++++++++++++++++++++++++++++++++++++++++++
Node        : vega
Process     : sw <838>
Thread      : cmsoap 109c7f000
Internals   : V6.5.0///v_serviceChangeState/v_service.c/277/0/1437430866.345495000
========================================================================================
Report      : INFO
Date        : Tue Jul 21 00:21:06 CEST 2015
Description : Service 'durability': Locking disabled
Node        : vega
Process     : sw <838>
Thread      : durability 10a056000
Internals   : V6.5.0///u_serviceInit/u_service.c/416/256/1437430866.345778000
========================================================================================
Report      : INFO
Date        : Tue Jul 21 00:21:06 CEST 2015
Description : Service 'ddsi2': Locking disabled
Node        : vega
Process     : sw <838>
Thread      : ddsi2 10a293000
Internals   : V6.5.0///u_serviceInit/u_service.c/416/256/1437430866.346162000
========================================================================================
Report      : WARNING
Date        : Tue Jul 21 00:21:06 CEST 2015
Description : TimeToWaitForAligner currently only supports 0.0 and 1.0 (infinite), using 1.0 for now
Node        : vega
Process     : sw <838>
Thread      : durability 10a056000
Internals   : V6.5.0///DurabilityService/d_configuration.c/1901/0/1437430866.354307000
========================================================================================
Report      : INFO
Date        : Tue Jul 21 00:21:06 CEST 2015
Description : ++++++++++++++++++++++++++++++++++++++++++++++++
              ++ The service 'ddsi2' is now operational. 
              ++++++++++++++++++++++++++++++++++++++++++++++++
Node        : vega
Process     : sw <838>
Thread      : ddsi2 10a293000
Internals   : V6.5.0///v_serviceChangeState/v_service.c/277/0/1437430866.366318000
========================================================================================
Report      : INFO
Date        : Tue Jul 21 00:21:06 CEST 2015
Description : The durability service can by identified by ID: 709298239
Node        : vega
Process     : sw <838>
Thread      : durability 10a056000
Internals   : V6.5.0///DurabilityService/d_durability.c/600/0/1437430866.467854000
========================================================================================
Report      : INFO
Date        : Tue Jul 21 00:21:08 CEST 2015
Description : ++++++++++++++++++++++++++++++++++++++++++++++++
              ++ The service 'durability' is now operational. 
              ++++++++++++++++++++++++++++++++++++++++++++++++
Node        : vega
Process     : sw <838>
Thread      : durability 10a056000
Internals   : V6.5.0///v_serviceChangeState/v_service.c/277/0/1437430868.981490000
========================================================================================
Report      : INFO
Date        : Tue Jul 21 00:21:25 CEST 2015
Description : Termination request (signal 2) received from PID 838 (self), UID 501
Node        : vega
Process     : sw <838>
Thread      : signalHandler 1096c1000
Internals   : V6.5.0///signalHandlerThread/os_signalHandler.c/497/0/1437430885.650697000
========================================================================================
Report      : INFO
Date        : Tue Jul 21 00:21:29 CEST 2015
Description : ---------------------------------------------------------------
              -- The service is using the following configuration settings --
              ---------------------------------------------------------------
              Domain (id)          : ospl_sp_ddsi (0)
              Storage              : 10240 Kbytes
              Storage threshold    : 1024 Kbytes
              Storage address      : Not available
              Locking              : default
              Memory mode          : Heap memory
              Builtin topics       : true
              Priority inheritance : false
Node        : vega
Process     : sw <839>
Thread      : spliced 1050c6000
Internals   : V6.5.0///The OpenSplice domain service/u_domain.c/566/0/1437430889.145806000
========================================================================================
Report      : INFO
Date        : Tue Jul 21 00:21:29 CEST 2015
Description : Service 'splicedaemon': Locking disabled
Node        : vega
Process     : sw <839>
Thread      : spliced 1050c6000
Internals   : V6.5.0///u_serviceInit/u_service.c/416/256/1437430889.146631000
========================================================================================
Report      : INFO
Date        : Tue Jul 21 00:21:29 CEST 2015
Description : ++++++++++++++++++++++++++++++++++++++++++++++++
              ++ The service 'splicedaemon' is now operational. 
              ++++++++++++++++++++++++++++++++++++++++++++++++
Node        : vega
Process     : sw <839>
Thread      : spliced 1050c6000
Internals   : V6.5.0///v_serviceChangeState/v_service.c/277/0/1437430889.147356000
========================================================================================
Report      : INFO
Date        : Tue Jul 21 00:21:29 CEST 2015
Description : Service 'cmsoap': Locking disabled
Node        : vega
Process     : sw <839>
Thread      : cmsoap 105632000
Internals   : V6.5.0///u_serviceInit/u_service.c/416/256/1437430889.148735000
========================================================================================
Report      : INFO
Date        : Tue Jul 21 00:21:29 CEST 2015
Description : SOAP service is reachable via port 49338
Node        : vega
Process     : sw <839>
Thread      : cmsoap 105632000
Internals   : V6.5.0///CM SOAP Service/cms_service.c/469/0/1437430889.149301000
========================================================================================
Report      : INFO
Date        : Tue Jul 21 00:21:29 CEST 2015
Description : ++++++++++++++++++++++++++++++++++++++++++++++++
              ++ The service 'cmsoap' is now operational. 
              ++++++++++++++++++++++++++++++++++++++++++++++++
Node        : vega
Process     : sw <839>
Thread      : cmsoap 105632000
Internals   : V6.5.0///v_serviceChangeState/v_service.c/277/0/1437430889.149541000
========================================================================================
Report      : INFO
Date        : Tue Jul 21 00:21:29 CEST 2015
Description : Service 'durability': Locking disabled
Node        : vega
Process     : sw <839>
Thread      : durability 105a09000
Internals   : V6.5.0///u_serviceInit/u_service.c/416/256/1437430889.149733000
========================================================================================
Report      : INFO
Date        : Tue Jul 21 00:21:29 CEST 2015
Description : Service 'ddsi2': Locking disabled
Node        : vega
Process     : sw <839>
Thread      : ddsi2 105c46000
Internals   : V6.5.0///u_serviceInit/u_service.c/416/256/1437430889.150461000
========================================================================================
Report      : WARNING
Date        : Tue Jul 21 00:21:29 CEST 2015
Description : TimeToWaitForAligner currently only supports 0.0 and 1.0 (infinite), using 1.0 for now
Node        : vega
Process     : sw <839>
Thread      : durability 105a09000
Internals   : V6.5.0///DurabilityService/d_configuration.c/1901/0/1437430889.156332000
========================================================================================
Report      : INFO
Date        : Tue Jul 21 00:21:29 CEST 2015
Description : ++++++++++++++++++++++++++++++++++++++++++++++++
              ++ The service 'ddsi2' is now operational. 
              ++++++++++++++++++++++++++++++++++++++++++++++++
Node        : vega
Process     : sw <839>
Thread      : ddsi2 105c46000
Internals   : V6.5.0///v_serviceChangeState/v_service.c/277/0/1437430889.173244000
========================================================================================
Report      : INFO
Date        : Tue Jul 21 00:21:29 CEST 2015
Description : The durability service can by identified by ID: 1636096080
Node        : vega
Process     : sw <839>
Thread      : durability 105a09000
Internals   : V6.5.0///DurabilityService/d_durability.c/600/0/1437430889.468345000
========================================================================================
Report      : INFO
Date        : Tue Jul 21 00:21:31 CEST 2015
Description : ++++++++++++++++++++++++++++++++++++++++++++++++
              ++ The service 'durability' is now operational. 
              ++++++++++++++++++++++++++++++++++++++++++++++++
Node        : vega
Process     : sw <839>
Thread      : durability 105a09000
Internals   : V6.5.0///v_serviceChangeState/v_service.c/277/0/1437430891.984389000
========================================================================================
Report      : INFO
Date        : Tue Jul 21 00:21:37 CEST 2015
Description : Missed heartbeat for node 709298239. (DCPSPublication state 1)
Node        : vega
Process     : sv <827>
Thread      : OSPL Garbage Collector 105c64000
Internals   : V6.5.0///v_spliced/v_spliced.c/2508/773/1437430897.239500000
========================================================================================
Report      : INFO
Date        : Tue Jul 21 00:21:37 CEST 2015
Description : Missed heartbeat for node 709298239. (DCPSPublication state 1)
Node        : vega
Process     : sr <820>
Thread      : OSPL Garbage Collector 107570000
Internals   : V6.5.0///v_spliced/v_spliced.c/2508/773/1437430897.985202000
========================================================================================
Report      : INFO
Date        : Tue Jul 21 00:21:38 CEST 2015
Description : Missed heartbeat for node 709298239. (DCPSPublication state 1)
Node        : vega
Process     : sw <833>
Thread      : OSPL Garbage Collector 10a038000
Internals   : V6.5.0///v_spliced/v_spliced.c/2508/773/1437430898.088262000
========================================================================================
Report      : INFO
Date        : Tue Jul 21 00:21:48 CEST 2015
Description : ---------------------------------------------------------------
              -- The service is using the following configuration settings --
              ---------------------------------------------------------------
              Domain (id)          : ospl_sp_ddsi (0)
              Storage              : 10240 Kbytes
              Storage threshold    : 1024 Kbytes
              Storage address      : Not available
              Locking              : default
              Memory mode          : Heap memory
              Builtin topics       : true
              Priority inheritance : false
Node        : vega
Process     : sw <855>
Thread      : spliced 101004000
Internals   : V6.5.0///The OpenSplice domain service/u_domain.c/566/0/1437430908.012443000
========================================================================================
Report      : INFO
Date        : Tue Jul 21 00:21:48 CEST 2015
Description : Service 'splicedaemon': Locking disabled
Node        : vega
Process     : sw <855>
Thread      : spliced 101004000
Internals   : V6.5.0///u_serviceInit/u_service.c/416/256/1437430908.013787000
========================================================================================
Report      : INFO
Date        : Tue Jul 21 00:21:48 CEST 2015
Description : ++++++++++++++++++++++++++++++++++++++++++++++++
              ++ The service 'splicedaemon' is now operational. 
              ++++++++++++++++++++++++++++++++++++++++++++++++
Node        : vega
Process     : sw <855>
Thread      : spliced 101004000
Internals   : V6.5.0///v_serviceChangeState/v_service.c/277/0/1437430908.014370000
========================================================================================
Report      : INFO
Date        : Tue Jul 21 00:21:48 CEST 2015
Description : Service 'cmsoap': Locking disabled
Node        : vega
Process     : sw <855>
Thread      : cmsoap 101570000
Internals   : V6.5.0///u_serviceInit/u_service.c/416/256/1437430908.017464000
========================================================================================
Report      : INFO
Date        : Tue Jul 21 00:21:48 CEST 2015
Description : Service 'durability': Locking disabled
Node        : vega
Process     : sw <855>
Thread      : durability 10187e000
Internals   : V6.5.0///u_serviceInit/u_service.c/416/256/1437430908.018029000
========================================================================================
Report      : INFO
Date        : Tue Jul 21 00:21:48 CEST 2015
Description : SOAP service is reachable via port 49339
Node        : vega
Process     : sw <855>
Thread      : cmsoap 101570000
Internals   : V6.5.0///CM SOAP Service/cms_service.c/469/0/1437430908.019113000
========================================================================================
Report      : INFO
Date        : Tue Jul 21 00:21:48 CEST 2015
Description : Service 'ddsi2': Locking disabled
Node        : vega
Process     : sw <855>
Thread      : ddsi2 101a93000
Internals   : V6.5.0///u_serviceInit/u_service.c/416/256/1437430908.019378000
========================================================================================
Report      : INFO
Date        : Tue Jul 21 00:21:48 CEST 2015
Description : ++++++++++++++++++++++++++++++++++++++++++++++++
              ++ The service 'cmsoap' is now operational. 
              ++++++++++++++++++++++++++++++++++++++++++++++++
Node        : vega
Process     : sw <855>
Thread      : cmsoap 101570000
Internals   : V6.5.0///v_serviceChangeState/v_service.c/277/0/1437430908.021204000
========================================================================================
Report      : WARNING
Date        : Tue Jul 21 00:21:48 CEST 2015
Description : TimeToWaitForAligner currently only supports 0.0 and 1.0 (infinite), using 1.0 for now
Node        : vega
Process     : sw <855>
Thread      : durability 10187e000
Internals   : V6.5.0///DurabilityService/d_configuration.c/1901/0/1437430908.035008000
========================================================================================
Report      : INFO
Date        : Tue Jul 21 00:21:48 CEST 2015
Description : ++++++++++++++++++++++++++++++++++++++++++++++++
              ++ The service 'ddsi2' is now operational. 
              ++++++++++++++++++++++++++++++++++++++++++++++++
Node        : vega
Process     : sw <855>
Thread      : ddsi2 101a93000
Internals   : V6.5.0///v_serviceChangeState/v_service.c/277/0/1437430908.047270000
========================================================================================
Report      : INFO
Date        : Tue Jul 21 00:21:48 CEST 2015
Description : The durability service can by identified by ID: 1919575717
Node        : vega
Process     : sw <855>
Thread      : durability 10187e000
Internals   : V6.5.0///DurabilityService/d_durability.c/600/0/1437430908.451694000
========================================================================================
Report      : INFO
Date        : Tue Jul 21 00:21:50 CEST 2015
Description : Termination request (signal 2) received from PID 855 (self), UID 501
Node        : vega
Process     : sw <855>
Thread      : signalHandler 100fb2000
Internals   : V6.5.0///signalHandlerThread/os_signalHandler.c/497/0/1437430910.165047000
========================================================================================
Report      : INFO
Date        : Tue Jul 21 00:21:52 CEST 2015
Description : ---------------------------------------------------------------
              -- The service is using the following configuration settings --
              ---------------------------------------------------------------
              Domain (id)          : ospl_sp_ddsi (0)
              Storage              : 10240 Kbytes
              Storage threshold    : 1024 Kbytes
              Storage address      : Not available
              Locking              : default
              Memory mode          : Heap memory
              Builtin topics       : true
              Priority inheritance : false
Node        : vega
Process     : sw <858>
Thread      : spliced 10da48000
Internals   : V6.5.0///The OpenSplice domain service/u_domain.c/566/0/1437430912.026788000
========================================================================================
Report      : INFO
Date        : Tue Jul 21 00:21:52 CEST 2015
Description : Service 'splicedaemon': Locking disabled
Node        : vega
Process     : sw <858>
Thread      : spliced 10da48000
Internals   : V6.5.0///u_serviceInit/u_service.c/416/256/1437430912.027745000
========================================================================================
Report      : INFO
Date        : Tue Jul 21 00:21:52 CEST 2015
Description : ++++++++++++++++++++++++++++++++++++++++++++++++
              ++ The service 'splicedaemon' is now operational. 
              ++++++++++++++++++++++++++++++++++++++++++++++++
Node        : vega
Process     : sw <858>
Thread      : spliced 10da48000
Internals   : V6.5.0///v_serviceChangeState/v_service.c/277/0/1437430912.028139000
========================================================================================
Report      : INFO
Date        : Tue Jul 21 00:21:52 CEST 2015
Description : Service 'cmsoap': Locking disabled
Node        : vega
Process     : sw <858>
Thread      : cmsoap 10dfb4000
Internals   : V6.5.0///u_serviceInit/u_service.c/416/256/1437430912.029767000
========================================================================================
Report      : INFO
Date        : Tue Jul 21 00:21:52 CEST 2015
Description : SOAP service is reachable via port 49340
Node        : vega
Process     : sw <858>
Thread      : cmsoap 10dfb4000
Internals   : V6.5.0///CM SOAP Service/cms_service.c/469/0/1437430912.030320000
========================================================================================
Report      : INFO
Date        : Tue Jul 21 00:21:52 CEST 2015
Description : ++++++++++++++++++++++++++++++++++++++++++++++++
              ++ The service 'cmsoap' is now operational. 
              ++++++++++++++++++++++++++++++++++++++++++++++++
Node        : vega
Process     : sw <858>
Thread      : cmsoap 10dfb4000
Internals   : V6.5.0///v_serviceChangeState/v_service.c/277/0/1437430912.030489000
========================================================================================
Report      : INFO
Date        : Tue Jul 21 00:21:52 CEST 2015
Description : Service 'durability': Locking disabled
Node        : vega
Process     : sw <858>
Thread      : durability 10e38b000
Internals   : V6.5.0///u_serviceInit/u_service.c/416/256/1437430912.030654000
========================================================================================
Report      : INFO
Date        : Tue Jul 21 00:21:52 CEST 2015
Description : Service 'ddsi2': Locking disabled
Node        : vega
Process     : sw <858>
Thread      : ddsi2 10e5c8000
Internals   : V6.5.0///u_serviceInit/u_service.c/416/256/1437430912.031068000
========================================================================================
Report      : WARNING
Date        : Tue Jul 21 00:21:52 CEST 2015
Description : TimeToWaitForAligner currently only supports 0.0 and 1.0 (infinite), using 1.0 for now
Node        : vega
Process     : sw <858>
Thread      : durability 10e38b000
Internals   : V6.5.0///DurabilityService/d_configuration.c/1901/0/1437430912.038924000
========================================================================================
Report      : INFO
Date        : Tue Jul 21 00:21:52 CEST 2015
Description : ++++++++++++++++++++++++++++++++++++++++++++++++
              ++ The service 'ddsi2' is now operational. 
              ++++++++++++++++++++++++++++++++++++++++++++++++
Node        : vega
Process     : sw <858>
Thread      : ddsi2 10e5c8000
Internals   : V6.5.0///v_serviceChangeState/v_service.c/277/0/1437430912.049159000
========================================================================================
Report      : INFO
Date        : Tue Jul 21 00:21:52 CEST 2015
Description : The durability service can by identified by ID: 425779404
Node        : vega
Process     : sw <858>
Thread      : durability 10e38b000
Internals   : V6.5.0///DurabilityService/d_durability.c/600/0/1437430912.455205000
========================================================================================
Report      : INFO
Date        : Tue Jul 21 00:21:54 CEST 2015
Description : ++++++++++++++++++++++++++++++++++++++++++++++++
              ++ The service 'durability' is now operational. 
              ++++++++++++++++++++++++++++++++++++++++++++++++
Node        : vega
Process     : sw <858>
Thread      : durability 10e38b000
Internals   : V6.5.0///v_serviceChangeState/v_service.c/277/0/1437430914.970434000
========================================================================================
Report      : INFO
Date        : Tue Jul 21 00:22:01 CEST 2015
Description : Missed heartbeat for node 1919575717. (DCPSPublication state 1)
Node        : vega
Process     : sw <839>
Thread      : OSPL Garbage Collector 10539b000
Internals   : V6.5.0///v_spliced/v_spliced.c/2508/773/1437430921.178232000
========================================================================================
Report      : INFO
Date        : Tue Jul 21 00:22:01 CEST 2015
Description : Missed heartbeat for node 1919575717. (DCPSPublication state 1)
Node        : vega
Process     : sv <827>
Thread      : OSPL Garbage Collector 105c64000
Internals   : V6.5.0///v_spliced/v_spliced.c/2508/773/1437430921.241011000
========================================================================================
Report      : INFO
Date        : Tue Jul 21 00:22:01 CEST 2015
Description : Missed heartbeat for node 1919575717. (DCPSPublication state 1)
Node        : vega
Process     : sr <820>
Thread      : OSPL Garbage Collector 107570000
Internals   : V6.5.0///v_spliced/v_spliced.c/2508/773/1437430921.991352000
========================================================================================
Report      : INFO
Date        : Tue Jul 21 00:22:02 CEST 2015
Description : Missed heartbeat for node 1919575717. (DCPSPublication state 1)
Node        : vega
Process     : sw <833>
Thread      : OSPL Garbage Collector 10a038000
Internals   : V6.5.0///v_spliced/v_spliced.c/2508/773/1437430922.096022000
========================================================================================
Report      : INFO
Date        : Tue Jul 21 00:22:03 CEST 2015
Description : Termination request (signal 2) received from PID 827 (self), UID 501
Node        : vega
Process     : sv <827>
Thread      : signalHandler 10593d000
Internals   : V6.5.0///signalHandlerThread/os_signalHandler.c/497/0/1437430923.460917000
========================================================================================
Report      : INFO
Date        : Tue Jul 21 00:22:06 CEST 2015
Description : Termination request (signal 2) received from PID 833 (self), UID 501
Node        : vega
Process     : sw <833>
Thread      : signalHandler 109d11000
Internals   : V6.5.0///signalHandlerThread/os_signalHandler.c/497/0/1437430926.083562000
========================================================================================
Report      : INFO
Date        : Tue Jul 21 00:22:07 CEST 2015
Description : Termination request (signal 2) received from PID 839 (self), UID 501
Node        : vega
Process     : sw <839>
Thread      : signalHandler 105074000
Internals   : V6.5.0///signalHandlerThread/os_signalHandler.c/497/0/1437430927.434671000
========================================================================================
Report      : INFO
Date        : Tue Jul 21 00:22:08 CEST 2015
Description : Termination request (signal 2) received from PID 858 (self), UID 501
Node        : vega
Process     : sw <858>
Thread      : signalHandler 10d9f6000
Internals   : V6.5.0///signalHandlerThread/os_signalHandler.c/497/0/1437430928.984860000
========================================================================================
Report      : INFO
Date        : Tue Jul 21 00:22:10 CEST 2015
Description : Termination request (signal 2) received from PID 820 (self), UID 501
Node        : vega
Process     : sr <820>
Thread      : signalHandler 107249000
Internals   : V6.5.0///signalHandlerThread/os_signalHandler.c/497/0/1437430930.802578000
